<?xml version="1.0" encoding="UTF-8"?>
<!-- Generated by org.testng.reporters.JUnitReportReporter -->
<testsuite hostname="AntaraSpace" failures="0" tests="1" name="TestCases.InsuletPageTest" time="8.234" errors="0" timestamp="2023-05-24T18:20:35 EDT" skipped="0">
  <testcase classname="TestCases.InsuletPageTest" name="omnipodTest" time="8.234"/>
  <system-out/>
</testsuite> <!-- TestCases.InsuletPageTest -->
